QuestaSim-64 qrun 2024.3_1 Utility 2024.10 Oct 17 2024
Start time: 08:54:03 on Feb 28,2025
qrun -batch -access=rw+/. -uvmhome uvm-1.2 -timescale 1ns/1ns -mfcu design.sv testbench.sv -voptargs="+acc=npr" -do "run.do" 
Creating library 'qrun.out/work'.
Mapping library 'mtiUvm' to 'qrun.out/work'.
QuestaSim-64 vlog 2024.3_1 Compiler 2024.10 Oct 17 2024
Start time: 08:54:04 on Feb 28,2025
vlog -timescale 1ns/1ns -mfcu -ccflags "-Wno-missing-declarations" -ccflags "-Wno-maybe-uninitialized" -ccflags "-Wno-return-type" -ccflags "-DQUESTA" /usr/share/questa/questasim/verilog_src/uvm-1.2/src/dpi/uvm_dpi.cc /usr/share/questa/questasim/verilog_src/uvm-1.2/src/uvm_pkg.sv /usr/share/questa/questasim/verilog_src/questa_uvm_pkg-1.2/src/questa_uvm_pkg.sv design.sv testbench.sv -work qrun.out/work "+incdir+/usr/share/questa/questasim/verilog_src/uvm-1.2/src" -statslog qrun.out/stats_log -writesessionid "+qrun.out/top_dus" -csession=incr 
-- Compiling package uvm_pkg (uvm-1.2 Built-in)
-- Compiling package questa_uvm_pkg
-- Importing package uvm_pkg (uvm-1.2 Built-in)
-- Compiling module d_ff
-- Compiling package uvm_pkg_sv_unit
-- Importing package uvm_pkg (uvm-1.2 Built-in)
-- Compiling interface int_iff
-- Compiling module top

Top level modules:
	top
-- Compiling DPI/PLI C++ file /usr/share/questa/questasim/verilog_src/uvm-1.2/src/dpi/uvm_dpi.cc

In file included from /usr/share/questa/questasim/verilog_src/uvm-1.2/src/dpi/uvm_hdl.c:27,
                 from /usr/share/questa/questasim/verilog_src/uvm-1.2/src/dpi/uvm_dpi.cc:37:
/usr/share/questa/questasim/verilog_src/uvm-1.2/src/dpi/uvm_hdl_questa.c: In function 'int uvm_is_vhdl_path(char*)':
/usr/share/questa/questasim/verilog_src/uvm-1.2/src/dpi/uvm_hdl_questa.c:90:12: warning: 'char* strncpy(char*, const char*, size_t)' specified bound depends on the length of the source argument [-Wstringop-overflow=]
   90 |     strncpy(path_copy, path, path_len);
      |     ~~~~~~~^~~~~~~~~~~~~~~~~~~~~~~~~~~
/usr/share/questa/questasim/verilog_src/uvm-1.2/src/dpi/uvm_hdl_questa.c:72:20: note: length computed here
   72 |   path_len = strlen(path);
      |              ~~~~~~^~~~~~

End time: 08:54:07 on Feb 28,2025, Elapsed time: 0:00:03
Errors: 0, Warnings: 0
QuestaSim-64 vopt 2024.3_1 Compiler 2024.10 Oct 17 2024
** Warning: (vopt-10587) Some optimizations are turned off because the +acc switch is in effect. This will cause your simulation to run slowly. Please use -access/-debug to maintain needed visibility. The +acc switch would be deprecated in a future release.
Start time: 08:54:07 on Feb 28,2025
vopt -access=rw+/. -timescale 1ns/1ns -mfcu "+acc=npr" -findtoplevels qrun.out/work+1+ -work qrun.out/work -statslog qrun.out/stats_log -csession=incr -o qrun_opt -csessionid=2 

Top level modules:
	top

Analyzing design...
-- Loading module top
-- Loading package questa_uvm_pkg
-- Loading interface int_iff
-- Loading module d_ff
Optimizing 7 design-units (inlining 0/3 module instances):
-- Optimizing package uvm_pkg (uvm-1.2 Built-in)(fast)
-- Optimizing package questa_uvm_pkg(fast)
-- Optimizing package uvm_pkg_sv_unit(fast)
-- Optimizing module top(fast)
-- Optimizing module d_ff(fast)
-- Optimizing interface int_iff(fast__2)
-- Optimizing interface int_iff(fast)
Optimized design name is qrun_opt
End time: 08:54:15 on Feb 28,2025, Elapsed time: 0:00:08
Errors: 0, Warnings: 1
# vsim -batch -lib qrun.out/work -do "run.do" -statslog qrun.out/stats_log qrun_opt -appendlog -l qrun.log 
# Start time: 08:54:15 on Feb 28,2025
# Loading /tmp/unknown@eed9815fde92_dpi_50/linux_x86_64_gcc-10.3.0/export_tramp.so
# //  Questa Sim-64
# //  Version 2024.3_1 linux_x86_64 Oct 17 2024
# //
# // Unpublished work. Copyright 2024 Siemens
# //
# // This material contains trade secrets or otherwise confidential information
# // owned by Siemens Industry Software Inc. or its affiliates (collectively,
# // "SISW"), or its licensors. Access to and use of this information is strictly
# // limited as set forth in the Customer's applicable agreements with SISW.
# //
# // This material may not be copied, distributed, or otherwise disclosed outside
# // of the Customer's facilities without the express written permission of SISW,
# // and may not be used in any way not expressly authorized by SISW.
# //
# Loading sv_std.std
# Loading work.int_iff(fast)
# Loading work.uvm_pkg(fast)
# Loading work.uvm_pkg_sv_unit(fast)
# Loading work.questa_uvm_pkg(fast)
# Loading work.top(fast)
# Loading work.int_iff(fast__2)
# Loading work.d_ff(fast)
# Compiling /tmp/unknown@eed9815fde92_dpi_50/linux_x86_64_gcc-10.3.0/exportwrapper.c
# Loading /tmp/unknown@eed9815fde92_dpi_50/linux_x86_64_gcc-10.3.0/vsim_auto_compile.so
# 
# do run.do
# UVM_INFO /usr/share/questa/questasim/verilog_src/uvm-1.2/src/base/uvm_root.svh(392) @ 0: reporter [UVM/RELNOTES] 
# ----------------------------------------------------------------
# UVM-1.2
# (C) 2007-2014 Mentor Graphics Corporation
# (C) 2007-2014 Cadence Design Systems, Inc.
# (C) 2006-2014 Synopsys, Inc.
# (C) 2011-2013 Cypress Semiconductor Corp.
# (C) 2013-2014 NVIDIA Corporation
# ----------------------------------------------------------------
# 
#   ***********       IMPORTANT RELEASE NOTES         ************
# 
#   You are using a version of the UVM library that has been compiled
#   with `UVM_NO_DEPRECATED undefined.
#   See http://www.eda.org/svdb/view.php?id=3313 for more details.
# 
#   You are using a version of the UVM library that has been compiled
#   with `UVM_OBJECT_DO_NOT_NEED_CONSTRUCTOR undefined.
#   See http://www.eda.org/svdb/view.php?id=3770 for more details.
# 
#       (Specify +UVM_NO_RELNOTES to turn off this notice)
# 
# UVM_INFO /usr/share/questa/questasim/verilog_src/questa_uvm_pkg-1.2/src/questa_uvm_pkg.sv(277) @ 0: reporter [Questa UVM] QUESTA_UVM-1.2.3
# UVM_INFO /usr/share/questa/questasim/verilog_src/questa_uvm_pkg-1.2/src/questa_uvm_pkg.sv(278) @ 0: reporter [Questa UVM]  questa_uvm::init(+struct)
# UVM_INFO @ 0: reporter [RNTST] Running test dff_test...
# UVM_INFO dff_env.sv(13) @ 0: uvm_test_top.env [ENVIRONMENT_CLASS] Constructor called
# UVM_INFO dff_scbd.sv(17) @ 0: uvm_test_top.env.scbd [SCOREBOARD] Scoreboard created: scbd
# UVM_INFO dff_env.sv(39) @ 0: uvm_test_top.env [ENVIRONMENT_CLASS] Virtual interface passed to agent
# UVM_INFO dff_mon.sv(20) @ 0: uvm_test_top.env.agt.mon [MONITOR] Monitor created
# UVM_INFO dff_seqr.sv(12) @ 0: uvm_test_top.env.agt.seqr [SEQUENCER] Created sequencer: seqr
# UVM_INFO dff_env.sv(59) @ 0: uvm_test_top.env [CONNECT_PHASE] Connected monitor to scoreboard
# UVM_INFO /usr/share/questa/questasim/verilog_src/uvm-1.2/src/base/uvm_root.svh(579) @ 0: reporter [UVMTOP] UVM testbench topology:
# ----------------------------------------------------------------
# Name                         Type                    Size  Value
# ----------------------------------------------------------------
# uvm_test_top                 dff_test                -     @360 
#   env                        dff_env                 -     @372 
#     agt                      dff_agt                 -     @382 
#       driver                 dff_drv                 -     @434 
#         rsp_port             uvm_analysis_port       -     @451 
#         seq_item_port        uvm_seq_item_pull_port  -     @442 
#       mon                    dff_mon                 -     @415 
#         item_collected_port  uvm_analysis_port       -     @423 
#       seqr                   dff_seqr                -     @460 
#         rsp_export           uvm_analysis_export     -     @468 
#         seq_item_export      uvm_seq_item_pull_imp   -     @574 
#         arbitration_queue    array                   0     -    
#         lock_queue           array                   0     -    
#         num_last_reqs        integral                32    'd1  
#         num_last_rsps        integral                32    'd1  
#     scbd                     dff_scbd                -     @390 
#       item_collected_export  uvm_analysis_imp        -     @398 
# ----------------------------------------------------------------
# 
# UVM_INFO dff_test.sv(53) @ 0: uvm_test_top [DFF_TEST] Topology printed
# UVM_INFO dff_test.sv(31) @ 0: uvm_test_top [DFF_TEST] Starting DFF sequence
# UVM_INFO dff_seq.sv(12) @ 0: reporter@@dff_seq1 [SEQUENCE_CLASS] Sequence created: dff_seq1
# UVM_INFO dff_seqitm.sv(15) @ 0: reporter@@item [DFF_SEQITM] Sequence item 'item' created
# UVM_INFO dff_seq.sv(17) @ 0: uvm_test_top.env.agt.seqr@@dff_seq1 [SEQUENCE_BODY] Starting sequence body
# UVM_INFO dff_seqitm.sv(15) @ 0: reporter@@item [DFF_SEQITM] Sequence item 'item' created
# UVM_INFO dff_mon.sv(51) @ 10: uvm_test_top.env.agt.mon [MONITOR_DEBUG] Reset is active, skipping this cycle
# UVM_INFO dff_seqitm.sv(15) @ 10: reporter@@item [DFF_SEQITM] Sequence item 'item' created
# UVM_INFO dff_mon.sv(54) @ 30: uvm_test_top.env.agt.mon [MONITOR] Data sent to analysis port
# UVM_INFO dff_seqitm.sv(15) @ 30: reporter@@item [DFF_SEQITM] Sequence item 'item' created
# UVM_INFO dff_scbd.sv(58) @ 30: uvm_test_top.env.scbd [SCOREBOARD] Validation passed: d=1, q=0, qbar=1
# UVM_INFO dff_mon.sv(54) @ 50: uvm_test_top.env.agt.mon [MONITOR] Data sent to analysis port
# UVM_INFO dff_seqitm.sv(15) @ 50: reporter@@item [DFF_SEQITM] Sequence item 'item' created
# UVM_INFO dff_scbd.sv(58) @ 50: uvm_test_top.env.scbd [SCOREBOARD] Validation passed: d=1, q=0, qbar=1
# UVM_INFO dff_mon.sv(54) @ 70: uvm_test_top.env.agt.mon [MONITOR] Data sent to analysis port
# UVM_INFO dff_seqitm.sv(15) @ 70: reporter@@item [DFF_SEQITM] Sequence item 'item' created
# UVM_INFO dff_scbd.sv(58) @ 70: uvm_test_top.env.scbd [SCOREBOARD] Validation passed: d=0, q=0, qbar=1
# UVM_INFO dff_mon.sv(54) @ 90: uvm_test_top.env.agt.mon [MONITOR] Data sent to analysis port
# UVM_INFO dff_seq.sv(40) @ 90: uvm_test_top.env.agt.seqr@@dff_seq1 [SEQUENCE_BODY] Sequence body completed
# UVM_INFO dff_scbd.sv(58) @ 90: uvm_test_top.env.scbd [SCOREBOARD] Validation passed: d=1, q=1, qbar=0
# UVM_INFO dff_test.sv(44) @ 90: uvm_test_top [DFF_TEST] DFF sequence completed
# UVM_INFO /usr/share/questa/questasim/verilog_src/uvm-1.2/src/base/uvm_objection.svh(1270) @ 90: reporter [TEST_DONE] 'run' phase is ready to proceed to the 'extract' phase
# UVM_INFO /usr/share/questa/questasim/verilog_src/uvm-1.2/src/base/uvm_report_server.svh(847) @ 90: reporter [UVM/REPORT/SERVER] 
# --- UVM Report Summary ---
# 
# ** Report counts by severity
# UVM_INFO :   33
# UVM_WARNING :    0
# UVM_ERROR :    0
# UVM_FATAL :    0
# ** Report counts by id
# [CONNECT_PHASE]     1
# [DFF_SEQITM]     6
# [DFF_TEST]     3
# [ENVIRONMENT_CLASS]     2
# [MONITOR]     5
# [MONITOR_DEBUG]     1
# [Questa UVM]     2
# [RNTST]     1
# [SCOREBOARD]     5
# [SEQUENCER]     1
# [SEQUENCE_BODY]     2
# [SEQUENCE_CLASS]     1
# [TEST_DONE]     1
# [UVM/RELNOTES]     1
# [UVMTOP]     1
# 
# ** Note: $finish    : /usr/share/questa/questasim/verilog_src/uvm-1.2/src/base/uvm_root.svh(517)
#    Time: 90 ns  Iteration: 75  Instance: /top
# End time: 08:54:17 on Feb 28,2025, Elapsed time: 0:00:02
# Errors: 0, Warnings: 0
End time: 08:54:17 on Feb 28,2025, Elapsed time: 0:00:14
*** Summary *********************************************
    qrun: Errors:   0, Warnings:   0
    vlog: Errors:   0, Warnings:   0
    vopt: Errors:   0, Warnings:   1
    vsim: Errors:   0, Warnings:   0
  Totals: Errors:   0, Warnings:   1
